Arguments: 
  /usr/local/bin/node /usr/local/Cellar/yarn/1.10.1/libexec/bin/yarn.js install

PATH: 
  /usr/local/bin:/usr/bin:/bin:/usr/sbin:/sbin:/Users/zhufeng/Library/Android/sdk/platform-tools:/Users/zhufeng/Library/Android/sdk/build-tools:/Users/zhufeng/ssh

Yarn version: 
  1.10.1

Node version: 
  11.6.0

Platform: 
  darwin x64

Trace: 
  Error: https://registry.yarnpkg.com/typescript: ETIMEDOUT
      at Timeout._onTimeout (/usr/local/Cellar/yarn/1.10.1/libexec/lib/cli.js:120826:19)
      at listOnTimeout (timers.js:324:15)
      at processTimers (timers.js:268:5)

npm manifest: 
  {
  	"name": "drawio",
  	"displayName": "drawio",
  	"description": "using draw.io in markdown",
  	"version": "0.0.1",
  	"engines": {
  		"vscode": "^1.30.0"
  	},
  	"categories": [
  		"Other"
  	],
  	"activationEvents": [
  		"onCommand:extension.helloWorld"
  	],
  	"main": "./out/extension.js",
  	"contributes": {
  		"commands": [{
  			"command": "extension.helloWorld",
  			"title": "Hello World"
  		}]
  	},
  	"scripts": {
  		"vscode:prepublish": "yarn run compile",
  		"compile": "tsc -p ./",
  		"watch": "tsc -watch -p ./",
  		"postinstall": "node ./node_modules/vscode/bin/install",
  		"test": "yarn run compile && node ./node_modules/vscode/bin/test"
  	},
  	"devDependencies": {
  		"typescript": "^3.1.4",
  		"vscode": "^1.1.25",
  		"@types/node": "^8.10.25",
  		"@types/mocha": "^2.2.42"
  	}
  }

yarn manifest: 
  No manifest

Lockfile: 
  No lockfile
